<?xml version="1.0" encoding="UTF-8"?>
<!-- Generated by org.testng.reporters.JUnitReportReporter -->
<testsuite hostname="DESKTOP-M9BLJAP" failures="0" tests="12" name="MyTestCases" time="23.972" errors="0" timestamp="2024-07-29T14:52:54 EET" skipped="0">
  <testcase classname="MyTestCases" name="closeTheWindow" time="1.532"/>
  <system-out/>
  <testcase classname="MyTestCases" name="checkTheLanguage" time="0.046"/>
  <system-out/>
  <testcase classname="MyTestCases" name="checkTheCurrency" time="0.042"/>
  <system-out/>
  <testcase classname="MyTestCases" name="checkContactNumber" time="0.022"/>
  <system-out/>
  <testcase classname="MyTestCases" name="checkTheHotelsTabNotSelected" time="0.023"/>
  <system-out/>
  <testcase classname="MyTestCases" name="checkTheDepartureFlight" time="0.025"/>
  <system-out/>
  <testcase classname="MyTestCases" name="checkReturnFlight" time="0.021"/>
  <system-out/>
  <testcase classname="MyTestCases" name="setTheLanguageRandomly" time="0.726"/>
  <system-out/>
  <testcase classname="MyTestCases" name="setLocationRandomly" time="0.326"/>
  <system-out/>
  <testcase classname="MyTestCases" name="selectRoomSize" time="4.158"/>
  <system-out/>
  <testcase classname="MyTestCases" name="checkTheLoading" time="15.927"/>
  <system-out/>
  <testcase classname="MyTestCases" name="checkTheLowest" time="1.124"/>
  <system-out/>
</testsuite> <!-- MyTestCases -->
